<?xml version="1.0" encoding="UTF-8"?>
<!-- Generated by org.testng.reporters.JUnitReportReporter -->
<testsuite hostname="PROBOOK" failures="0" tests="3" name="magento.MyTest" time="31.222" errors="0" timestamp="2024-09-16T19:31:15 EET" skipped="0">
  <testcase classname="magento.MyTest" name="log_in" time="4.159"/>
  <system-out/>
  <testcase classname="magento.MyTest" name="add_to_cart" time="26.731"/>
  <system-out/>
  <testcase classname="magento.MyTest" name="itemSum" time="0.332"/>
  <system-out/>
</testsuite> <!-- magento.MyTest -->
